<?xml version="1.0" encoding="UTF-8"?>
<!-- Generated by org.testng.reporters.JUnitReportReporter -->
<testsuite hostname="Tsss-Pc1-PC" name="com.dealwallet.webdriver.selenium.dealwalletadmin.HealthCart" tests="1" failures="1" timestamp="17 Apr 2013 12:28:33 GMT" time="115.006" errors="0">
  <testcase name="testHealthCart" time="115.006" classname="com.dealwallet.webdriver.selenium.dealwalletadmin.HealthCart">
    <failure type="org.openqa.selenium.NoSuchWindowException" message="Window not found. The browser window may have been closed.
Command duration or timeout: 375 milliseconds
Build info: version: &#039;2.32.0&#039;, revision: &#039;6c40c18&#039;, time: &#039;2013-04-09 17:22:56&#039;
System info: os.name: &#039;Windows 7&#039;, os.arch: &#039;x86&#039;, os.version: &#039;6.1&#039;, java.version: &#039;1.7.0&#039;
Session ID: ba56076d-5b30-4a1f-8816-b127bab5d704
Driver info: org.openqa.selenium.firefox.FirefoxDriver
Capabilities [{platform=XP, acceptSslCerts=true, javascriptEnabled=true, browserName=firefox, rotatable=false, locationContextEnabled=true, version=20.0.1, cssSelectorsEnabled=true, databaseEnabled=true, handlesAlerts=true, browserConnectionEnabled=true, nativeEvents=true, webStorageEnabled=true, applicationCacheEnabled=true, takesScreenshot=true}]">
      <![CDATA[org.openqa.selenium.NoSuchWindowException: Window not found. The browser window may have been closed.
Command duration or timeout: 375 milliseconds
Build info: version: '2.32.0', revision: '6c40c18', time: '2013-04-09 17:22:56'
System info: os.name: 'Windows 7', os.arch: 'x86', os.version: '6.1', java.version: '1.7.0'
Session ID: ba56076d-5b30-4a1f-8816-b127bab5d704
Driver info: org.openqa.selenium.firefox.FirefoxDriver
Capabilities [{platform=XP, acceptSslCerts=true, javascriptEnabled=true, browserName=firefox, rotatable=false, locationContextEnabled=true, version=20.0.1, cssSelectorsEnabled=true, databaseEnabled=true, handlesAlerts=true, browserConnectionEnabled=true, nativeEvents=true, webStorageEnabled=true, applicationCacheEnabled=true, takesScreenshot=true}]
	at sun.reflect.NativeConstructorAccessorImpl.newInstance0(Native Method)
	at sun.reflect.NativeConstructorAccessorImpl.newInstance(NativeConstructorAccessorImpl.java:57)
	at sun.reflect.DelegatingConstructorAccessorImpl.newInstance(DelegatingConstructorAccessorImpl.java:45)
	at java.lang.reflect.Constructor.newInstance(Constructor.java:525)
	at org.openqa.selenium.remote.ErrorHandler.createThrowable(ErrorHandler.java:187)
	at org.openqa.selenium.remote.ErrorHandler.throwIfResponseFailed(ErrorHandler.java:145)
	at org.openqa.selenium.remote.RemoteWebDriver.execute(RemoteWebDriver.java:554)
	at org.openqa.selenium.remote.RemoteWebDriver.execute(RemoteWebDriver.java:569)
	at org.openqa.selenium.remote.RemoteWebDriver.getPageSource(RemoteWebDriver.java:414)
	at com.dealwallet.webdriver.selenium.dealwalletadmin.HealthCart.getDocument(HealthCart.java:78)
	at com.dealwallet.webdriver.selenium.dealwalletadmin.HealthCart.getProducts(HealthCart.java:59)
	at com.dealwallet.webdriver.selenium.dealwalletadmin.HealthCart.testHealthCart(HealthCart.java:40)
	at sun.reflect.NativeMethodAccessorImpl.invoke0(Native Method)
	at sun.reflect.NativeMethodAccessorImpl.invoke(NativeMethodAccessorImpl.java:57)
	at sun.reflect.DelegatingMethodAccessorImpl.invoke(DelegatingMethodAccessorImpl.java:43)
	at java.lang.reflect.Method.invoke(Method.java:601)
	at org.testng.internal.MethodInvocationHelper.invokeMethod(MethodInvocationHelper.java:80)
	at org.testng.internal.Invoker.invokeMethod(Invoker.java:714)
	at org.testng.internal.Invoker.invokeTestMethod(Invoker.java:901)
	at org.testng.internal.Invoker.invokeTestMethods(Invoker.java:1231)
	at org.testng.internal.TestMethodWorker.invokeTestMethods(TestMethodWorker.java:128)
	at org.testng.internal.TestMethodWorker.run(TestMethodWorker.java:111)
	at org.testng.TestRunner.privateRun(TestRunner.java:767)
	at org.testng.TestRunner.run(TestRunner.java:617)
	at org.testng.SuiteRunner.runTest(SuiteRunner.java:334)
	at org.testng.SuiteRunner.runSequentially(SuiteRunner.java:329)
	at org.testng.SuiteRunner.privateRun(SuiteRunner.java:291)
	at org.testng.SuiteRunner.run(SuiteRunner.java:240)
	at org.testng.SuiteRunnerWorker.runSuite(SuiteRunnerWorker.java:52)
	at org.testng.SuiteRunnerWorker.run(SuiteRunnerWorker.java:86)
	at org.testng.TestNG.runSuitesSequentially(TestNG.java:1203)
	at org.testng.TestNG.runSuitesLocally(TestNG.java:1128)
	at org.testng.TestNG.run(TestNG.java:1036)
	at org.testng.remote.RemoteTestNG.run(RemoteTestNG.java:111)
	at org.testng.remote.RemoteTestNG.initAndRun(RemoteTestNG.java:204)
	at org.testng.remote.RemoteTestNG.main(RemoteTestNG.java:175)
Caused by: org.openqa.selenium.remote.ErrorHandler$UnknownServerException: Window not found. The browser window may have been closed.
Build info: version: '2.32.0', revision: '6c40c18', time: '2013-04-09 17:22:56'
System info: os.name: 'Windows 7', os.arch: 'x86', os.version: '6.1', java.version: '1.7.0'
Driver info: driver.version: unknown
	at <anonymous class>.nsCommandProcessor.prototype.execute(file:///C:/Users/Tsss-Pc1/AppData/Local/Temp/anonymous507383354823502874webdriver-profile/extensions/fxdriver@googlecode.com/components/command_processor.js:10491)
	at <anonymous class>.Dispatcher.executeAs/<(file:///C:/Users/Tsss-Pc1/AppData/Local/Temp/anonymous507383354823502874webdriver-profile/extensions/fxdriver@googlecode.com/components/driver_component.js:7471)
	at <anonymous class>.Resource.prototype.handle(file:///C:/Users/Tsss-Pc1/AppData/Local/Temp/anonymous507383354823502874webdriver-profile/extensions/fxdriver@googlecode.com/components/driver_component.js:7629)
	at <anonymous class>.Dispatcher.prototype.dispatch(file:///C:/Users/Tsss-Pc1/AppData/Local/Temp/anonymous507383354823502874webdriver-profile/extensions/fxdriver@googlecode.com/components/driver_component.js:7576)
	at <anonymous class>.WebDriverServer/<.handle(file:///C:/Users/Tsss-Pc1/AppData/Local/Temp/anonymous507383354823502874webdriver-profile/extensions/fxdriver@googlecode.com/components/driver_component.js:10301)
	at <anonymous class>.<anonymous method>(file:///C:/Users/Tsss-Pc1/AppData/Local/Temp/anonymous507383354823502874webdriver-profile/extensions/fxdriver@googlecode.com/components/httpd.js:1935)
	at <anonymous class>.ServerHandler.prototype.handleResponse(file:///C:/Users/Tsss-Pc1/AppData/Local/Temp/anonymous507383354823502874webdriver-profile/extensions/fxdriver@googlecode.com/components/httpd.js:2261)
	at <anonymous class>.Connection.prototype.process(file:///C:/Users/Tsss-Pc1/AppData/Local/Temp/anonymous507383354823502874webdriver-profile/extensions/fxdriver@googlecode.com/components/httpd.js:1168)
	at <anonymous class>.RequestReader.prototype._handleResponse(file:///C:/Users/Tsss-Pc1/AppData/Local/Temp/anonymous507383354823502874webdriver-profile/extensions/fxdriver@googlecode.com/components/httpd.js:1616)
	at <anonymous class>.RequestReader.prototype._processBody(file:///C:/Users/Tsss-Pc1/AppData/Local/Temp/anonymous507383354823502874webdriver-profile/extensions/fxdriver@googlecode.com/components/httpd.js:1464)
	at <anonymous class>.RequestReader.prototype.onInputStreamReady(file:///C:/Users/Tsss-Pc1/AppData/Local/Temp/anonymous507383354823502874webdriver-profile/extensions/fxdriver@googlecode.com/components/httpd.js:1333)
]]>
    </failure>
  </testcase> <!-- testHealthCart -->
</testsuite> <!-- com.dealwallet.webdriver.selenium.dealwalletadmin.HealthCart -->
